# JRE version: OpenJDK Runtime Environment (8.0_265-b01) (build 1.8.0_265-b01)
# Java VM: OpenJDK 64-Bit Server VM (25.265-b01 mixed mode windows-amd64 compressed oops)
Heap:
 PSYoungGen      total 141824K, used 18089K [0x00000000f5580000, 0x0000000100000000, 0x0000000100000000)
  eden space 137728K, 10% used [0x00000000f5580000,0x00000000f633ccb8,0x00000000fdc00000)
  from space 4096K, 98% used [0x00000000fdc00000,0x00000000fdfedae0,0x00000000fe000000)
  to   space 18944K, 0% used [0x00000000fed80000,0x00000000fed80000,0x0000000100000000)
 ParOldGen       total 175104K, used 49747K [0x00000000e0000000, 0x00000000eab00000, 0x00000000f5580000)
  object space 175104K, 28% used [0x00000000e0000000,0x00000000e3094f48,0x00000000eab00000)
 Metaspace       used 47013K, capacity 49414K, committed 49664K, reserved 1091584K
  class space    used 6557K, capacity 7047K, committed 7168K, reserved 1048576K
GC Heap History (10 events):
Event: 7.431 GC heap before
{Heap before GC invocations=11 (full 2):
 PSYoungGen      total 162304K, used 159708K [0x00000000f5580000, 0x0000000100000000, 0x0000000100000000)
  eden space 150016K, 100% used [0x00000000f5580000,0x00000000fe800000,0x00000000fe800000)
  from space 12288K, 78% used [0x00000000ff400000,0x00000000ffd771c0,0x0000000100000000)
  to   space 12288K, 0% used [0x00000000fe800000,0x00000000fe800000,0x00000000ff400000)
 ParOldGen       total 175104K, used 15415K [0x00000000e0000000, 0x00000000eab00000, 0x00000000f5580000)
  object space 175104K, 8% used [0x00000000e0000000,0x00000000e0f0de58,0x00000000eab00000)
 Metaspace       used 43868K, capacity 45876K, committed 46208K, reserved 1089536K
  class space    used 6276K, capacity 6698K, committed 6784K, reserved 1048576K
Event: 7.450 GC heap after
Heap after GC invocations=11 (full 2):
 PSYoungGen      total 162304K, used 12256K [0x00000000f5580000, 0x0000000100000000, 0x0000000100000000)
  eden space 150016K, 0% used [0x00000000f5580000,0x00000000f5580000,0x00000000fe800000)
  from space 12288K, 99% used [0x00000000fe800000,0x00000000ff3f8030,0x00000000ff400000)
  to   space 12288K, 0% used [0x00000000ff400000,0x00000000ff400000,0x0000000100000000)
 ParOldGen       total 175104K, used 22330K [0x00000000e0000000, 0x00000000eab00000, 0x00000000f5580000)
  object space 175104K, 12% used [0x00000000e0000000,0x00000000e15ceb80,0x00000000eab00000)
 Metaspace       used 43868K, capacity 45876K, committed 46208K, reserved 1089536K
  class space    used 6276K, capacity 6698K, committed 6784K, reserved 1048576K
}
Event: 8.626 GC heap before
{Heap before GC invocations=12 (full 2):
 PSYoungGen      total 162304K, used 162272K [0x00000000f5580000, 0x0000000100000000, 0x0000000100000000)
  eden space 150016K, 100% used [0x00000000f5580000,0x00000000fe800000,0x00000000fe800000)
  from space 12288K, 99% used [0x00000000fe800000,0x00000000ff3f8030,0x00000000ff400000)
  to   space 12288K, 0% used [0x00000000ff400000,0x00000000ff400000,0x0000000100000000)
 ParOldGen       total 175104K, used 22330K [0x00000000e0000000, 0x00000000eab00000, 0x00000000f5580000)
  object space 175104K, 12% used [0x00000000e0000000,0x00000000e15ceb80,0x00000000eab00000)
 Metaspace       used 45116K, capacity 47408K, committed 47616K, reserved 1089536K
  class space    used 6411K, capacity 6894K, committed 6912K, reserved 1048576K
Event: 8.659 GC heap after
Heap after GC invocations=12 (full 2):
 PSYoungGen      total 150016K, used 12257K [0x00000000f5580000, 0x0000000100000000, 0x0000000100000000)
  eden space 137728K, 0% used [0x00000000f5580000,0x00000000f5580000,0x00000000fdc00000)
  from space 12288K, 99% used [0x00000000ff400000,0x00000000ffff85e0,0x0000000100000000)
  to   space 18432K, 0% used [0x00000000fdc00000,0x00000000fdc00000,0x00000000fee00000)
 ParOldGen       total 175104K, used 28837K [0x00000000e0000000, 0x00000000eab00000, 0x00000000f5580000)
  object space 175104K, 16% used [0x00000000e0000000,0x00000000e1c29450,0x00000000eab00000)
 Metaspace       used 45116K, capacity 47408K, committed 47616K, reserved 1089536K
  class space    used 6411K, capacity 6894K, committed 6912K, reserved 1048576K
}
Event: 12866.288 GC heap before
{Heap before GC invocations=13 (full 2):
 PSYoungGen      total 150016K, used 149985K [0x00000000f5580000, 0x0000000100000000, 0x0000000100000000)
  eden space 137728K, 100% used [0x00000000f5580000,0x00000000fdc00000,0x00000000fdc00000)
  from space 12288K, 99% used [0x00000000ff400000,0x00000000ffff85e0,0x0000000100000000)
  to   space 18432K, 0% used [0x00000000fdc00000,0x00000000fdc00000,0x00000000fee00000)
 ParOldGen       total 175104K, used 28837K [0x00000000e0000000, 0x00000000eab00000, 0x00000000f5580000)
  object space 175104K, 16% used [0x00000000e0000000,0x00000000e1c29450,0x00000000eab00000)
 Metaspace       used 46206K, capacity 48550K, committed 48768K, reserved 1091584K
  class space    used 6488K, capacity 6989K, committed 7040K, reserved 1048576K
Event: 12866.326 GC heap after
Heap after GC invocations=13 (full 2):
 PSYoungGen      total 156160K, used 6566K [0x00000000f5580000, 0x0000000100000000, 0x0000000100000000)
  eden space 137728K, 0% used [0x00000000f5580000,0x00000000f5580000,0x00000000fdc00000)
  from space 18432K, 35% used [0x00000000fdc00000,0x00000000fe269b38,0x00000000fee00000)
  to   space 18432K, 0% used [0x00000000fee00000,0x00000000fee00000,0x0000000100000000)
 ParOldGen       total 175104K, used 41030K [0x00000000e0000000, 0x00000000eab00000, 0x00000000f5580000)
  object space 175104K, 23% used [0x00000000e0000000,0x00000000e2811a58,0x00000000eab00000)
 Metaspace       used 46206K, capacity 48550K, committed 48768K, reserved 1091584K
  class space    used 6488K, capacity 6989K, committed 7040K, reserved 1048576K
}
Event: 12866.814 GC heap before
{Heap before GC invocations=14 (full 2):
 PSYoungGen      total 156160K, used 144294K [0x00000000f5580000, 0x0000000100000000, 0x0000000100000000)
  eden space 137728K, 100% used [0x00000000f5580000,0x00000000fdc00000,0x00000000fdc00000)
  from space 18432K, 35% used [0x00000000fdc00000,0x00000000fe269b38,0x00000000fee00000)
  to   space 18432K, 0% used [0x00000000fee00000,0x00000000fee00000,0x0000000100000000)
 ParOldGen       total 175104K, used 41030K [0x00000000e0000000, 0x00000000eab00000, 0x00000000f5580000)
  object space 175104K, 23% used [0x00000000e0000000,0x00000000e2811a58,0x00000000eab00000)
 Metaspace       used 46549K, capacity 48970K, committed 49024K, reserved 1091584K
  class space    used 6491K, capacity 6995K, committed 7040K, reserved 1048576K
Event: 12866.834 GC heap after
Heap after GC invocations=14 (full 2):
 PSYoungGen      total 156160K, used 6112K [0x00000000f5580000, 0x0000000100000000, 0x0000000100000000)
  eden space 137728K, 0% used [0x00000000f5580000,0x00000000f5580000,0x00000000fdc00000)
  from space 18432K, 33% used [0x00000000fee00000,0x00000000ff3f8000,0x0000000100000000)
  to   space 18432K, 0% used [0x00000000fdc00000,0x00000000fdc00000,0x00000000fee00000)
 ParOldGen       total 175104K, used 46414K [0x00000000e0000000, 0x00000000eab00000, 0x00000000f5580000)
  object space 175104K, 26% used [0x00000000e0000000,0x00000000e2d53bf0,0x00000000eab00000)
 Metaspace       used 46549K, capacity 48970K, committed 49024K, reserved 1091584K
  class space    used 6491K, capacity 6995K, committed 7040K, reserved 1048576K
}
Event: 28069.029 GC heap before
{Heap before GC invocations=15 (full 2):
 PSYoungGen      total 156160K, used 143840K [0x00000000f5580000, 0x0000000100000000, 0x0000000100000000)
  eden space 137728K, 100% used [0x00000000f5580000,0x00000000fdc00000,0x00000000fdc00000)
  from space 18432K, 33% used [0x00000000fee00000,0x00000000ff3f8000,0x0000000100000000)
  to   space 18432K, 0% used [0x00000000fdc00000,0x00000000fdc00000,0x00000000fee00000)
 ParOldGen       total 175104K, used 46414K [0x00000000e0000000, 0x00000000eab00000, 0x00000000f5580000)
  object space 175104K, 26% used [0x00000000e0000000,0x00000000e2d53bf0,0x00000000eab00000)
 Metaspace       used 47013K, capacity 49414K, committed 49664K, reserved 1091584K
  class space    used 6557K, capacity 7047K, committed 7168K, reserved 1048576K
Event: 28069.037 GC heap after
Heap after GC invocations=15 (full 2):
 PSYoungGen      total 141824K, used 4022K [0x00000000f5580000, 0x0000000100000000, 0x0000000100000000)
  eden space 137728K, 0% used [0x00000000f5580000,0x00000000f5580000,0x00000000fdc00000)
  from space 4096K, 98% used [0x00000000fdc00000,0x00000000fdfedae0,0x00000000fe000000)
  to   space 18944K, 0% used [0x00000000fed80000,0x00000000fed80000,0x0000000100000000)
 ParOldGen       total 175104K, used 49747K [0x00000000e0000000, 0x00000000eab00000, 0x00000000f5580000)
  object space 175104K, 28% used [0x00000000e0000000,0x00000000e3094f48,0x00000000eab00000)
 Metaspace       used 47013K, capacity 49414K, committed 49664K, reserved 1091584K
  class space    used 6557K, capacity 7047K, committed 7168K, reserved 1048576K
}

